<?xml version="1.0" encoding="UTF-8"?>
<!-- Generated by org.testng.reporters.JUnitXMLReporter -->
<testsuite ignored="0" hostname="NaveenDudhyal" failures="0" tests="3" name="Chrome Test" time="27.848" errors="0" timestamp="2024-09-01T22:25:27 IST">
  <testcase classname="com.opencart.testcase.TestingPage" name="testingg1" time="2.34"/>
  <testcase classname="com.opencart.testcase.TestingPage" name="testingg2" time="2.177"/>
  <testcase classname="com.opencart.testcase.TestingPage" name="testingg3" time="1.782"/>
</testsuite> <!-- Chrome Test -->
