<?xml version="1.0" encoding="UTF-8"?>
<!-- Generated by org.testng.reporters.JUnitXMLReporter -->
<testsuite ignored="0" hostname="NaveenDudhyal" failures="3" tests="3" name="Test" time="21.988" errors="0" timestamp="2024-09-01T00:45:41 IST">
  <testcase classname="com.opencart.testcase.TestingPage" name="testingg1" time="0.016">
    <failure type="java.lang.NullPointerException" message="Cannot invoke &amp;quot;com.aventstack.extentreports.ExtentTest.log(com.aventstack.extentreports.Status, String)&amp;quot; because &amp;quot;com.opencart.testbase.BasePage.test&amp;quot; is null">
      <![CDATA[java.lang.NullPointerException: Cannot invoke "com.aventstack.extentreports.ExtentTest.log(com.aventstack.extentreports.Status, String)" because "com.opencart.testbase.BasePage.test" is null
at com.opencart.testcase.TestingPage.testingg1(TestingPage.java:17)
at java.base/java.util.ArrayList.forEach(ArrayList.java:1597)
... Removed 25 stack frames]]>
    </failure>
  </testcase> <!-- testingg1 -->
  <testcase classname="com.opencart.testcase.TestingPage" name="testingg2" time="0.002">
    <failure type="java.lang.NullPointerException" message="Cannot invoke &amp;quot;com.aventstack.extentreports.ExtentTest.log(com.aventstack.extentreports.Status, String)&amp;quot; because &amp;quot;com.opencart.testbase.BasePage.test&amp;quot; is null">
      <![CDATA[java.lang.NullPointerException: Cannot invoke "com.aventstack.extentreports.ExtentTest.log(com.aventstack.extentreports.Status, String)" because "com.opencart.testbase.BasePage.test" is null
at com.opencart.testcase.TestingPage.testingg2(TestingPage.java:86)
at java.base/java.util.ArrayList.forEach(ArrayList.java:1597)
... Removed 25 stack frames]]>
    </failure>
  </testcase> <!-- testingg2 -->
  <testcase classname="com.opencart.testcase.TestingPage" name="testingg3" time="0.003">
    <failure type="java.lang.NullPointerException" message="Cannot invoke &amp;quot;com.aventstack.extentreports.ExtentTest.log(com.aventstack.extentreports.Status, String)&amp;quot; because &amp;quot;com.opencart.testbase.BasePage.test&amp;quot; is null">
      <![CDATA[java.lang.NullPointerException: Cannot invoke "com.aventstack.extentreports.ExtentTest.log(com.aventstack.extentreports.Status, String)" because "com.opencart.testbase.BasePage.test" is null
at com.opencart.testcase.TestingPage.testingg3(TestingPage.java:155)
at java.base/java.util.ArrayList.forEach(ArrayList.java:1597)
... Removed 25 stack frames]]>
    </failure>
  </testcase> <!-- testingg3 -->
</testsuite> <!-- Test -->
