<?xml version="1.0" encoding="UTF-8"?>
<!-- Generated by org.testng.reporters.JUnitXMLReporter -->
<testsuite ignored="0" hostname="NaveenDudhyal" failures="0" tests="1" name="Chrome Test" time="8.559" errors="0" timestamp="2024-08-31T21:15:36 IST">
  <testcase classname="com.opencart.testbase.BasePage" name="@BeforeMethod sinle_Testcase" time="8.361">
    <failure type="java.lang.NullPointerException" message="Cannot invoke &amp;quot;java.util.Properties.getProperty(String)&amp;quot; because &amp;quot;this.Config&amp;quot; is null">
      <![CDATA[java.lang.NullPointerException: Cannot invoke "java.util.Properties.getProperty(String)" because "this.Config" is null
at com.opencart.testbase.BasePage.setup(BasePage.java:54)
at com.opencart.testbase.BasePage.sinle_Testcase(BasePage.java:70)
at java.base/java.util.ArrayList.forEach(ArrayList.java:1597)
at java.base/java.util.concurrent.FutureTask.run(FutureTask.java:317)
at java.base/java.util.concurrent.ThreadPoolExecutor.runWorker(ThreadPoolExecutor.java:1144)
at java.base/java.util.concurrent.ThreadPoolExecutor$Worker.run(ThreadPoolExecutor.java:642)
at java.base/java.lang.Thread.run(Thread.java:1570)
... Removed 19 stack frames]]>
    </failure>
  </testcase> <!-- @BeforeMethod sinle_Testcase -->
  <testcase classname="com.opencart.testbase.BasePage" name="@AfterMethod teardown" time="0.0">
    <skipped/>
  </testcase> <!-- @AfterMethod teardown -->
  <testcase classname="com.opencart.testcase.TestingPage" name="testingg" time="0.0">
    <skipped/>
  </testcase> <!-- testingg -->
</testsuite> <!-- Chrome Test -->
