<?xml version="1.0" encoding="UTF-8"?>
<!-- Generated by org.testng.reporters.JUnitXMLReporter -->
<testsuite ignored="0" hostname="NaveenDudhyal" failures="0" tests="3" name="Test" time="26.351" errors="0" timestamp="2024-09-01T00:41:09 IST">
  <testcase classname="com.opencart.testcase.TestingPage" name="testingg1" time="2.851"/>
  <testcase classname="com.opencart.testcase.TestingPage" name="testingg2" time="2.972"/>
  <testcase classname="com.opencart.testcase.TestingPage" name="testingg3" time="2.707"/>
</testsuite> <!-- Test -->
