<?xml version="1.0" encoding="UTF-8"?>
<!-- Generated by org.testng.reporters.JUnitXMLReporter -->
<testsuite ignored="2" hostname="NaveenDudhyal" failures="2" tests="3" name="Test" time="26.796" errors="0" timestamp="2024-09-01T00:45:07 IST">
  <testcase classname="com.opencart.testcase.TestingPage" name="testingg1" time="0.01">
    <failure type="java.lang.NullPointerException" message="Cannot invoke &amp;quot;com.aventstack.extentreports.ExtentTest.log(com.aventstack.extentreports.Status, String)&amp;quot; because &amp;quot;com.opencart.testbase.BasePage.test&amp;quot; is null">
      <![CDATA[java.lang.NullPointerException: Cannot invoke "com.aventstack.extentreports.ExtentTest.log(com.aventstack.extentreports.Status, String)" because "com.opencart.testbase.BasePage.test" is null
at com.opencart.testcase.TestingPage.testingg1(TestingPage.java:17)
at java.base/java.util.ArrayList.forEach(ArrayList.java:1597)
... Removed 25 stack frames]]>
    </failure>
  </testcase> <!-- testingg1 -->
  <testcase classname="com.opencart.testcase.TestingPage" name="testingg2" time="0.011">
    <failure type="java.lang.NullPointerException" message="Cannot invoke &amp;quot;com.aventstack.extentreports.ExtentTest.log(com.aventstack.extentreports.Status, String)&amp;quot; because &amp;quot;com.opencart.testbase.BasePage.test&amp;quot; is null">
      <![CDATA[java.lang.NullPointerException: Cannot invoke "com.aventstack.extentreports.ExtentTest.log(com.aventstack.extentreports.Status, String)" because "com.opencart.testbase.BasePage.test" is null
at com.opencart.testcase.TestingPage.testingg2(TestingPage.java:86)
at java.base/java.util.ArrayList.forEach(ArrayList.java:1597)
... Removed 25 stack frames]]>
    </failure>
  </testcase> <!-- testingg2 -->
  <testcase classname="com.opencart.testcase.TestingPage2" name="testinggxcxzxc1" time="2.199"/>
  <testcase classname="com.opencart.testcase.TestingPage" name="testingg3" time="0.0">
    <ignored/>
  </testcase> <!-- testingg3 -->
  <testcase classname="com.opencart.testcase.TestingPage2" name="testinggxcxzxc" time="0.0">
    <ignored/>
  </testcase> <!-- testinggxcxzxc -->
</testsuite> <!-- Test -->
