<?xml version="1.0" encoding="UTF-8"?>
<!-- Generated by org.testng.reporters.JUnitXMLReporter -->
<testsuite ignored="0" hostname="NaveenDudhyal" failures="0" tests="3" name="Chrome Test" time="30.535" errors="0" timestamp="2024-09-01T22:35:12 IST">
  <testcase classname="com.opencart.testcase.TestingPage" name="testingg1" time="2.567"/>
  <testcase classname="com.opencart.testcase.TestingPage" name="testingg2" time="2.102"/>
  <testcase classname="com.opencart.testcase.TestingPage" name="testingg3" time="2.084"/>
</testsuite> <!-- Chrome Test -->
